[debug] [2020-12-27T12:49:02.311Z] ----------------------------------------------------------------------
[debug] [2020-12-27T12:49:02.325Z] Command:       C:\Program Files\nodejs\node.exe C:\Users\ELCOT\AppData\Roaming\npm\node_modules\firebase-tools\lib\bin\firebase.js init
[debug] [2020-12-27T12:49:02.325Z] CLI Version:   8.17.0
[debug] [2020-12-27T12:49:02.326Z] Platform:      win32
[debug] [2020-12-27T12:49:02.326Z] Node Version:  v12.18.2
[debug] [2020-12-27T12:49:02.328Z] Time:          Sun Dec 27 2020 18:19:02 GMT+0530 (India Standard Time)
[debug] [2020-12-27T12:49:02.329Z] ----------------------------------------------------------------------
[debug] [2020-12-27T12:49:02.329Z] 
[debug] [2020-12-27T12:49:02.375Z] > command requires scopes: ["email","openid","https://www.googleapis.com/auth/cloudplatformprojects.readonly","https://www.googleapis.com/auth/firebase","https://www.googleapis.com/auth/cloud-platform"]
[debug] [2020-12-27T12:49:02.376Z] > authorizing via signed-in user
[info] 
     ######## #### ########  ######## ########     ###     ######  ########
     ##        ##  ##     ## ##       ##     ##  ##   ##  ##       ##
     ######    ##  ########  ######   ########  #########  ######  ######
     ##        ##  ##    ##  ##       ##     ## ##     ##       ## ##
     ##       #### ##     ## ######## ########  ##     ##  ######  ########

You're about to initialize a Firebase project in this directory:

  C:\Users\ELCOT\Desktop\amazon-clone

Before we get started, keep in mind:

  * You are initializing in an existing Firebase project directory

[info] 
=== Project Setup
[info] 
[info] First, let's associate this project directory with a Firebase project.
[info] You can create multiple project aliases by running firebase use --add, 
[info] but for now we'll just set up a default project.
[info] 
[info] i  .firebaserc already has a default project, using challenge-e0e5e. 
[debug] [2020-12-27T12:49:41.990Z] > refreshing access token with scopes: ["email","https://www.googleapis.com/auth/cloud-platform","https://www.googleapis.com/auth/cloudplatformprojects.readonly","https://www.googleapis.com/auth/firebase","openid"]
[debug] [2020-12-27T12:49:41.991Z] >>> HTTP REQUEST POST https://www.googleapis.com/oauth2/v3/token  
 <request body omitted>
[debug] [2020-12-27T12:49:42.606Z] <<< HTTP RESPONSE 200 {"pragma":"no-cache","cache-control":"no-cache, no-store, max-age=0, must-revalidate","date":"Sun, 27 Dec 2020 12:49:39 GMT","expires":"Mon, 01 Jan 1990 00:00:00 GMT","content-type":"application/json; charset=utf-8","vary":"X-Origin, Referer, Origin,Accept-Encoding","server":"scaffolding on HTTPServer2","x-xss-protection":"0","x-frame-options":"SAMEORIGIN","x-content-type-options":"nosniff","alt-svc":"h3-29=\":443\"; ma=2592000,h3-T051=\":443\"; ma=2592000,h3-Q050=\":443\"; ma=2592000,h3-Q046=\":443\"; ma=2592000,h3-Q043=\":443\"; ma=2592000,quic=\":443\"; ma=2592000; v=\"46,43\"","accept-ranges":"none","transfer-encoding":"chunked"}
[debug] [2020-12-27T12:49:42.782Z] >>> HTTP REQUEST GET https://firebase.googleapis.com/v1beta1/projects/challenge-e0e5e  
 
[debug] [2020-12-27T12:49:43.415Z] <<< HTTP RESPONSE 200 {"content-type":"application/json; charset=UTF-8","vary":"X-Origin, Referer, Origin,Accept-Encoding","date":"Sun, 27 Dec 2020 12:49:40 GMT","server":"ESF","cache-control":"private","x-xss-protection":"0","x-frame-options":"SAMEORIGIN","x-content-type-options":"nosniff","alt-svc":"h3-29=\":443\"; ma=2592000,h3-T051=\":443\"; ma=2592000,h3-Q050=\":443\"; ma=2592000,h3-Q046=\":443\"; ma=2592000,h3-Q043=\":443\"; ma=2592000,quic=\":443\"; ma=2592000; v=\"46,43\"","accept-ranges":"none","transfer-encoding":"chunked"}
[info] 
=== Emulators Setup
[debug] [2020-12-27T13:31:29.270Z] ----------------------------------------------------------------------
[debug] [2020-12-27T13:31:29.297Z] Command:       C:\Program Files\nodejs\node.exe C:\Users\ELCOT\AppData\Roaming\npm\node_modules\firebase-tools\lib\bin\firebase.js serve
[debug] [2020-12-27T13:31:29.297Z] CLI Version:   8.17.0
[debug] [2020-12-27T13:31:29.298Z] Platform:      win32
[debug] [2020-12-27T13:31:29.298Z] Node Version:  v12.18.2
[debug] [2020-12-27T13:31:29.568Z] Time:          Sun Dec 27 2020 19:01:29 GMT+0530 (India Standard Time)
[debug] [2020-12-27T13:31:29.569Z] ----------------------------------------------------------------------
[debug] [2020-12-27T13:31:29.569Z] 
[debug] [2020-12-27T13:31:29.767Z] > command requires scopes: ["email","openid","https://www.googleapis.com/auth/cloudplatformprojects.readonly","https://www.googleapis.com/auth/firebase","https://www.googleapis.com/auth/cloud-platform"]
[debug] [2020-12-27T13:31:29.768Z] > authorizing via signed-in user
[debug] [2020-12-27T13:31:29.769Z] [iam] checking project challenge-e0e5e for permissions ["firebase.projects.get"]
[debug] [2020-12-27T13:31:29.908Z] >>> HTTP REQUEST POST https://cloudresourcemanager.googleapis.com/v1/projects/challenge-e0e5e:testIamPermissions  
 {"permissions":["firebase.projects.get"]}
[debug] [2020-12-27T13:31:33.081Z] <<< HTTP RESPONSE 200 {"content-type":"application/json; charset=UTF-8","vary":"X-Origin, Referer, Origin,Accept-Encoding","date":"Sun, 27 Dec 2020 13:31:30 GMT","server":"ESF","cache-control":"private","x-xss-protection":"0","x-frame-options":"SAMEORIGIN","x-content-type-options":"nosniff","server-timing":"gfet4t7; dur=1430","alt-svc":"h3-29=\":443\"; ma=2592000,h3-T051=\":443\"; ma=2592000,h3-Q050=\":443\"; ma=2592000,h3-Q046=\":443\"; ma=2592000,h3-Q043=\":443\"; ma=2592000,quic=\":443\"; ma=2592000; v=\"46,43\"","accept-ranges":"none","transfer-encoding":"chunked"}
[debug] [2020-12-27T13:31:33.084Z] >>> HTTP REQUEST GET https://firebase.googleapis.com/v1beta1/projects/challenge-e0e5e  
 
[debug] [2020-12-27T13:31:33.931Z] <<< HTTP RESPONSE 200 {"content-type":"application/json; charset=UTF-8","vary":"X-Origin, Referer, Origin,Accept-Encoding","date":"Sun, 27 Dec 2020 13:31:31 GMT","server":"ESF","cache-control":"private","x-xss-protection":"0","x-frame-options":"SAMEORIGIN","x-content-type-options":"nosniff","alt-svc":"h3-29=\":443\"; ma=2592000,h3-T051=\":443\"; ma=2592000,h3-Q050=\":443\"; ma=2592000,h3-Q046=\":443\"; ma=2592000,h3-Q043=\":443\"; ma=2592000,quic=\":443\"; ma=2592000; v=\"46,43\"","accept-ranges":"none","transfer-encoding":"chunked"}
[info] 
[info] === Serving from 'C:\Users\ELCOT\Desktop\amazon-clone'...
[info] 
[debug] [2020-12-27T13:31:33.958Z] >>> HTTP REQUEST GET https://firebase.googleapis.com/v1beta1/projects/challenge-e0e5e/webApps/-/config  
 
[info] +  functions: Using node@12 from host. {"metadata":{"emulator":{"name":"functions"},"message":"Using node@12 from host."}}
[debug] [2020-12-27T13:31:35.409Z] defaultcredentials: writing to file C:\Users\ELCOT\AppData\Roaming\firebase\aljayabala_gmail_com_application_default_credentials.json
[debug] [2020-12-27T13:31:35.473Z] Setting GAC to C:\Users\ELCOT\AppData\Roaming\firebase\aljayabala_gmail_com_application_default_credentials.json {"metadata":{"emulator":{"name":"functions"},"message":"Setting GAC to C:\\Users\\ELCOT\\AppData\\Roaming\\firebase\\aljayabala_gmail_com_application_default_credentials.json"}}
[debug] [2020-12-27T13:31:35.609Z] <<< HTTP RESPONSE 200 {"content-type":"application/json; charset=UTF-8","vary":"X-Origin, Referer, Origin,Accept-Encoding","date":"Sun, 27 Dec 2020 13:31:32 GMT","server":"ESF","cache-control":"private","x-xss-protection":"0","x-frame-options":"SAMEORIGIN","x-content-type-options":"nosniff","alt-svc":"h3-29=\":443\"; ma=2592000,h3-T051=\":443\"; ma=2592000,h3-Q050=\":443\"; ma=2592000,h3-Q046=\":443\"; ma=2592000,h3-Q043=\":443\"; ma=2592000,quic=\":443\"; ma=2592000; v=\"46,43\"","accept-ranges":"none","transfer-encoding":"chunked"}
[info] i  hosting: Serving hosting files from: build {"metadata":{"emulator":{"name":"hosting"},"message":"Serving hosting files from: \u001b[1mbuild\u001b[22m"}}
[info] +  hosting: Local server: http://localhost:5000 {"metadata":{"emulator":{"name":"hosting"},"message":"Local server: \u001b[4m\u001b[1mhttp://localhost:5000\u001b[22m\u001b[24m"}}
[info] i  functions: Watching "C:\Users\ELCOT\Desktop\amazon-clone\functions" for Cloud Functions... {"metadata":{"emulator":{"name":"functions"},"message":"Watching \"C:\\Users\\ELCOT\\Desktop\\amazon-clone\\functions\" for Cloud Functions..."}}
[debug] [2020-12-27T13:31:36.928Z] [worker-pool] addWorker(~diagnostic~) {"metadata":{"emulator":{"name":"functions"},"message":"[worker-pool] addWorker(~diagnostic~)"}}
[debug] [2020-12-27T13:31:36.929Z] [worker-pool] Adding worker with key ~diagnostic~, total=1 {"metadata":{"emulator":{"name":"functions"},"message":"[worker-pool] Adding worker with key ~diagnostic~, total=1"}}
[debug] [2020-12-27T13:31:36.929Z] [worker-pool] submitWork(triggerId=) {"metadata":{"emulator":{"name":"functions"},"message":"[worker-pool] submitWork(triggerId=)"}}
[debug] [2020-12-27T13:31:36.930Z] [worker-~diagnostic~-14238e1c-5e2d-4a4e-bc84-b0cfdaea9f95]: Assigning socketPath: \\?\pipe\C:\Users\ELCOT\Desktop\amazon-clone\functions\5844 {"metadata":{"emulator":{"name":"functions"},"message":"[worker-~diagnostic~-14238e1c-5e2d-4a4e-bc84-b0cfdaea9f95]: Assigning socketPath: \\\\?\\pipe\\C:\\Users\\ELCOT\\Desktop\\amazon-clone\\functions\\5844"}}
[debug] [2020-12-27T13:31:36.932Z] [worker-~diagnostic~-14238e1c-5e2d-4a4e-bc84-b0cfdaea9f95]: BUSY {"metadata":{"emulator":{"name":"functions"},"message":"[worker-~diagnostic~-14238e1c-5e2d-4a4e-bc84-b0cfdaea9f95]: BUSY"}}
[debug] [2020-12-27T13:31:38.054Z] [runtime-status] [5844] Functions runtime initialized. {"cwd":"C:\\Users\\ELCOT\\Desktop\\amazon-clone\\functions","node_version":"12.18.2"} {"metadata":{"emulator":{"name":"functions"},"message":"[runtime-status] [5844] Functions runtime initialized. {\"cwd\":\"C:\\\\Users\\\\ELCOT\\\\Desktop\\\\amazon-clone\\\\functions\",\"node_version\":\"12.18.2\"}"}}
[debug] [2020-12-27T13:31:38.057Z] [runtime-status] [5844] Disabled runtime features: undefined {"metadata":{"emulator":{"name":"functions"},"message":"[runtime-status] [5844] Disabled runtime features: undefined"}}
[debug] [2020-12-27T13:31:39.167Z] [runtime-status] [5844] Resolved module firebase-admin {"declared":true,"installed":true,"version":"9.4.1","resolution":"C:\\Users\\ELCOT\\Desktop\\amazon-clone\\functions\\node_modules\\firebase-admin\\lib\\index.js"} {"metadata":{"emulator":{"name":"functions"},"message":"[runtime-status] [5844] Resolved module firebase-admin {\"declared\":true,\"installed\":true,\"version\":\"9.4.1\",\"resolution\":\"C:\\\\Users\\\\ELCOT\\\\Desktop\\\\amazon-clone\\\\functions\\\\node_modules\\\\firebase-admin\\\\lib\\\\index.js\"}"}}
[debug] [2020-12-27T13:31:40.574Z] [runtime-status] [5844] Resolved module firebase-functions {"declared":true,"installed":true,"version":"3.12.0","resolution":"C:\\Users\\ELCOT\\Desktop\\amazon-clone\\functions\\node_modules\\firebase-functions\\lib\\index.js"} {"metadata":{"emulator":{"name":"functions"},"message":"[runtime-status] [5844] Resolved module firebase-functions {\"declared\":true,\"installed\":true,\"version\":\"3.12.0\",\"resolution\":\"C:\\\\Users\\\\ELCOT\\\\Desktop\\\\amazon-clone\\\\functions\\\\node_modules\\\\firebase-functions\\\\lib\\\\index.js\"}"}}
[debug] [2020-12-27T13:31:40.626Z] [runtime-status] [5844] Resolved module firebase-functions {"declared":true,"installed":true,"version":"3.12.0","resolution":"C:\\Users\\ELCOT\\Desktop\\amazon-clone\\functions\\node_modules\\firebase-functions\\lib\\index.js"} {"metadata":{"emulator":{"name":"functions"},"message":"[runtime-status] [5844] Resolved module firebase-functions {\"declared\":true,\"installed\":true,\"version\":\"3.12.0\",\"resolution\":\"C:\\\\Users\\\\ELCOT\\\\Desktop\\\\amazon-clone\\\\functions\\\\node_modules\\\\firebase-functions\\\\lib\\\\index.js\"}"}}
[debug] [2020-12-27T13:31:40.631Z] [runtime-status] [5844] Outgoing network have been stubbed. [{"name":"http","status":"mocked"},{"name":"http","status":"mocked"},{"name":"https","status":"mocked"},{"name":"https","status":"mocked"},{"name":"net","status":"mocked"}] {"metadata":{"emulator":{"name":"functions"},"message":"[runtime-status] [5844] Outgoing network have been stubbed. [{\"name\":\"http\",\"status\":\"mocked\"},{\"name\":\"http\",\"status\":\"mocked\"},{\"name\":\"https\",\"status\":\"mocked\"},{\"name\":\"https\",\"status\":\"mocked\"},{\"name\":\"net\",\"status\":\"mocked\"}]"}}
[debug] [2020-12-27T13:31:40.704Z] [runtime-status] [5844] Resolved module firebase-functions {"declared":true,"installed":true,"version":"3.12.0","resolution":"C:\\Users\\ELCOT\\Desktop\\amazon-clone\\functions\\node_modules\\firebase-functions\\lib\\index.js"} {"metadata":{"emulator":{"name":"functions"},"message":"[runtime-status] [5844] Resolved module firebase-functions {\"declared\":true,\"installed\":true,\"version\":\"3.12.0\",\"resolution\":\"C:\\\\Users\\\\ELCOT\\\\Desktop\\\\amazon-clone\\\\functions\\\\node_modules\\\\firebase-functions\\\\lib\\\\index.js\"}"}}
[debug] [2020-12-27T13:31:44.708Z] [runtime-status] [5844] Checked functions.config() {"config":{}} {"metadata":{"emulator":{"name":"functions"},"message":"[runtime-status] [5844] Checked functions.config() {\"config\":{}}"}}
[debug] [2020-12-27T13:31:44.709Z] [runtime-status] [5844] firebase-functions has been stubbed. {"functionsResolution":{"declared":true,"installed":true,"version":"3.12.0","resolution":"C:\\Users\\ELCOT\\Desktop\\amazon-clone\\functions\\node_modules\\firebase-functions\\lib\\index.js"}} {"metadata":{"emulator":{"name":"functions"},"message":"[runtime-status] [5844] firebase-functions has been stubbed. {\"functionsResolution\":{\"declared\":true,\"installed\":true,\"version\":\"3.12.0\",\"resolution\":\"C:\\\\Users\\\\ELCOT\\\\Desktop\\\\amazon-clone\\\\functions\\\\node_modules\\\\firebase-functions\\\\lib\\\\index.js\"}}"}}
[debug] [2020-12-27T13:31:44.710Z] [runtime-status] [5844] Resolved module firebase-functions {"declared":true,"installed":true,"version":"3.12.0","resolution":"C:\\Users\\ELCOT\\Desktop\\amazon-clone\\functions\\node_modules\\firebase-functions\\lib\\index.js"} {"metadata":{"emulator":{"name":"functions"},"message":"[runtime-status] [5844] Resolved module firebase-functions {\"declared\":true,\"installed\":true,\"version\":\"3.12.0\",\"resolution\":\"C:\\\\Users\\\\ELCOT\\\\Desktop\\\\amazon-clone\\\\functions\\\\node_modules\\\\firebase-functions\\\\lib\\\\index.js\"}"}}
[debug] [2020-12-27T13:31:44.713Z] [runtime-status] [5844] Resolved module firebase-admin {"declared":true,"installed":true,"version":"9.4.1","resolution":"C:\\Users\\ELCOT\\Desktop\\amazon-clone\\functions\\node_modules\\firebase-admin\\lib\\index.js"} {"metadata":{"emulator":{"name":"functions"},"message":"[runtime-status] [5844] Resolved module firebase-admin {\"declared\":true,\"installed\":true,\"version\":\"9.4.1\",\"resolution\":\"C:\\\\Users\\\\ELCOT\\\\Desktop\\\\amazon-clone\\\\functions\\\\node_modules\\\\firebase-admin\\\\lib\\\\index.js\"}"}}
[debug] [2020-12-27T13:31:44.715Z] [runtime-status] [5844] Resolved module firebase-functions {"declared":true,"installed":true,"version":"3.12.0","resolution":"C:\\Users\\ELCOT\\Desktop\\amazon-clone\\functions\\node_modules\\firebase-functions\\lib\\index.js"} {"metadata":{"emulator":{"name":"functions"},"message":"[runtime-status] [5844] Resolved module firebase-functions {\"declared\":true,\"installed\":true,\"version\":\"3.12.0\",\"resolution\":\"C:\\\\Users\\\\ELCOT\\\\Desktop\\\\amazon-clone\\\\functions\\\\node_modules\\\\firebase-functions\\\\lib\\\\index.js\"}"}}
[debug] [2020-12-27T13:31:44.716Z] [runtime-status] [5844] firebase-admin has been stubbed. {"adminResolution":{"declared":true,"installed":true,"version":"9.4.1","resolution":"C:\\Users\\ELCOT\\Desktop\\amazon-clone\\functions\\node_modules\\firebase-admin\\lib\\index.js"}} {"metadata":{"emulator":{"name":"functions"},"message":"[runtime-status] [5844] firebase-admin has been stubbed. {\"adminResolution\":{\"declared\":true,\"installed\":true,\"version\":\"9.4.1\",\"resolution\":\"C:\\\\Users\\\\ELCOT\\\\Desktop\\\\amazon-clone\\\\functions\\\\node_modules\\\\firebase-admin\\\\lib\\\\index.js\"}}"}}
[info] +  functions[api]: http function initialized (http://localhost:5001/challenge-e0e5e/us-central1/api). {"metadata":{"emulator":{"name":"functions"},"message":"\u001b[1mhttp\u001b[22m function initialized (http://localhost:5001/challenge-e0e5e/us-central1/api)."}}
[debug] [2020-12-27T13:31:58.738Z] [worker-~diagnostic~-14238e1c-5e2d-4a4e-bc84-b0cfdaea9f95]: IDLE {"metadata":{"emulator":{"name":"functions"},"message":"[worker-~diagnostic~-14238e1c-5e2d-4a4e-bc84-b0cfdaea9f95]: IDLE"}}
[debug] [2020-12-27T13:48:41.322Z] [work-queue] {"queueLength":1,"workRunningCount":0}
[debug] [2020-12-27T13:48:41.323Z] [work-queue] {"queueLength":0,"workRunningCount":1}
[debug] [2020-12-27T13:48:41.324Z] Accepted request POST /challenge-e0e5e/us-central1/api/payments/create?total=9899 --> api
[debug] [2020-12-27T13:48:41.359Z] [worker-pool] addWorker(api) {"metadata":{"emulator":{"name":"functions"},"message":"[worker-pool] addWorker(api)"}}
[debug] [2020-12-27T13:48:41.359Z] [worker-pool] Adding worker with key api, total=1 {"metadata":{"emulator":{"name":"functions"},"message":"[worker-pool] Adding worker with key api, total=1"}}
[debug] [2020-12-27T13:48:41.360Z] [worker-pool] submitWork(triggerId=api) {"metadata":{"emulator":{"name":"functions"},"message":"[worker-pool] submitWork(triggerId=api)"}}
[debug] [2020-12-27T13:48:41.360Z] [worker-api-4c265f49-dcb6-4308-bd82-5b36cad88f05]: Assigning socketPath: \\?\pipe\C:\Users\ELCOT\Desktop\amazon-clone\functions\8080 {"metadata":{"emulator":{"name":"functions"},"message":"[worker-api-4c265f49-dcb6-4308-bd82-5b36cad88f05]: Assigning socketPath: \\\\?\\pipe\\C:\\Users\\ELCOT\\Desktop\\amazon-clone\\functions\\8080"}}
[debug] [2020-12-27T13:48:41.360Z] [worker-api-4c265f49-dcb6-4308-bd82-5b36cad88f05]: BUSY {"metadata":{"emulator":{"name":"functions"},"message":"[worker-api-4c265f49-dcb6-4308-bd82-5b36cad88f05]: BUSY"}}
[debug] [2020-12-27T13:48:46.446Z] [runtime-status] [8080] Functions runtime initialized. {"cwd":"C:\\Users\\ELCOT\\Desktop\\amazon-clone\\functions","node_version":"12.18.2"} {"metadata":{"emulator":{"name":"functions"},"function":{"name":"api"},"message":"[runtime-status] [8080] Functions runtime initialized. {\"cwd\":\"C:\\\\Users\\\\ELCOT\\\\Desktop\\\\amazon-clone\\\\functions\",\"node_version\":\"12.18.2\"}"}}
[debug] [2020-12-27T13:48:46.449Z] [runtime-status] [8080] Disabled runtime features: undefined {"metadata":{"emulator":{"name":"functions"},"function":{"name":"api"},"message":"[runtime-status] [8080] Disabled runtime features: undefined"}}
[debug] [2020-12-27T13:48:46.861Z] [runtime-status] [8080] Resolved module firebase-admin {"declared":true,"installed":true,"version":"9.4.1","resolution":"C:\\Users\\ELCOT\\Desktop\\amazon-clone\\functions\\node_modules\\firebase-admin\\lib\\index.js"} {"metadata":{"emulator":{"name":"functions"},"function":{"name":"api"},"message":"[runtime-status] [8080] Resolved module firebase-admin {\"declared\":true,\"installed\":true,\"version\":\"9.4.1\",\"resolution\":\"C:\\\\Users\\\\ELCOT\\\\Desktop\\\\amazon-clone\\\\functions\\\\node_modules\\\\firebase-admin\\\\lib\\\\index.js\"}"}}
[debug] [2020-12-27T13:48:46.919Z] [runtime-status] [8080] Resolved module firebase-functions {"declared":true,"installed":true,"version":"3.12.0","resolution":"C:\\Users\\ELCOT\\Desktop\\amazon-clone\\functions\\node_modules\\firebase-functions\\lib\\index.js"} {"metadata":{"emulator":{"name":"functions"},"function":{"name":"api"},"message":"[runtime-status] [8080] Resolved module firebase-functions {\"declared\":true,\"installed\":true,\"version\":\"3.12.0\",\"resolution\":\"C:\\\\Users\\\\ELCOT\\\\Desktop\\\\amazon-clone\\\\functions\\\\node_modules\\\\firebase-functions\\\\lib\\\\index.js\"}"}}
[debug] [2020-12-27T13:48:46.927Z] [runtime-status] [8080] Resolved module firebase-functions {"declared":true,"installed":true,"version":"3.12.0","resolution":"C:\\Users\\ELCOT\\Desktop\\amazon-clone\\functions\\node_modules\\firebase-functions\\lib\\index.js"} {"metadata":{"emulator":{"name":"functions"},"function":{"name":"api"},"message":"[runtime-status] [8080] Resolved module firebase-functions {\"declared\":true,\"installed\":true,\"version\":\"3.12.0\",\"resolution\":\"C:\\\\Users\\\\ELCOT\\\\Desktop\\\\amazon-clone\\\\functions\\\\node_modules\\\\firebase-functions\\\\lib\\\\index.js\"}"}}
[debug] [2020-12-27T13:48:46.931Z] [runtime-status] [8080] Outgoing network have been stubbed. [{"name":"http","status":"mocked"},{"name":"http","status":"mocked"},{"name":"https","status":"mocked"},{"name":"https","status":"mocked"},{"name":"net","status":"mocked"}] {"metadata":{"emulator":{"name":"functions"},"function":{"name":"api"},"message":"[runtime-status] [8080] Outgoing network have been stubbed. [{\"name\":\"http\",\"status\":\"mocked\"},{\"name\":\"http\",\"status\":\"mocked\"},{\"name\":\"https\",\"status\":\"mocked\"},{\"name\":\"https\",\"status\":\"mocked\"},{\"name\":\"net\",\"status\":\"mocked\"}]"}}
[debug] [2020-12-27T13:48:46.939Z] [runtime-status] [8080] Resolved module firebase-functions {"declared":true,"installed":true,"version":"3.12.0","resolution":"C:\\Users\\ELCOT\\Desktop\\amazon-clone\\functions\\node_modules\\firebase-functions\\lib\\index.js"} {"metadata":{"emulator":{"name":"functions"},"function":{"name":"api"},"message":"[runtime-status] [8080] Resolved module firebase-functions {\"declared\":true,\"installed\":true,\"version\":\"3.12.0\",\"resolution\":\"C:\\\\Users\\\\ELCOT\\\\Desktop\\\\amazon-clone\\\\functions\\\\node_modules\\\\firebase-functions\\\\lib\\\\index.js\"}"}}
[debug] [2020-12-27T13:48:48.321Z] [runtime-status] [8080] Checked functions.config() {"config":{}} {"metadata":{"emulator":{"name":"functions"},"function":{"name":"api"},"message":"[runtime-status] [8080] Checked functions.config() {\"config\":{}}"}}
[debug] [2020-12-27T13:48:48.322Z] [runtime-status] [8080] firebase-functions has been stubbed. {"functionsResolution":{"declared":true,"installed":true,"version":"3.12.0","resolution":"C:\\Users\\ELCOT\\Desktop\\amazon-clone\\functions\\node_modules\\firebase-functions\\lib\\index.js"}} {"metadata":{"emulator":{"name":"functions"},"function":{"name":"api"},"message":"[runtime-status] [8080] firebase-functions has been stubbed. {\"functionsResolution\":{\"declared\":true,\"installed\":true,\"version\":\"3.12.0\",\"resolution\":\"C:\\\\Users\\\\ELCOT\\\\Desktop\\\\amazon-clone\\\\functions\\\\node_modules\\\\firebase-functions\\\\lib\\\\index.js\"}}"}}
[debug] [2020-12-27T13:48:48.323Z] [runtime-status] [8080] Resolved module firebase-functions {"declared":true,"installed":true,"version":"3.12.0","resolution":"C:\\Users\\ELCOT\\Desktop\\amazon-clone\\functions\\node_modules\\firebase-functions\\lib\\index.js"} {"metadata":{"emulator":{"name":"functions"},"function":{"name":"api"},"message":"[runtime-status] [8080] Resolved module firebase-functions {\"declared\":true,\"installed\":true,\"version\":\"3.12.0\",\"resolution\":\"C:\\\\Users\\\\ELCOT\\\\Desktop\\\\amazon-clone\\\\functions\\\\node_modules\\\\firebase-functions\\\\lib\\\\index.js\"}"}}
[debug] [2020-12-27T13:48:48.326Z] [runtime-status] [8080] Resolved module firebase-admin {"declared":true,"installed":true,"version":"9.4.1","resolution":"C:\\Users\\ELCOT\\Desktop\\amazon-clone\\functions\\node_modules\\firebase-admin\\lib\\index.js"} {"metadata":{"emulator":{"name":"functions"},"function":{"name":"api"},"message":"[runtime-status] [8080] Resolved module firebase-admin {\"declared\":true,\"installed\":true,\"version\":\"9.4.1\",\"resolution\":\"C:\\\\Users\\\\ELCOT\\\\Desktop\\\\amazon-clone\\\\functions\\\\node_modules\\\\firebase-admin\\\\lib\\\\index.js\"}"}}
[debug] [2020-12-27T13:48:48.328Z] [runtime-status] [8080] Resolved module firebase-functions {"declared":true,"installed":true,"version":"3.12.0","resolution":"C:\\Users\\ELCOT\\Desktop\\amazon-clone\\functions\\node_modules\\firebase-functions\\lib\\index.js"} {"metadata":{"emulator":{"name":"functions"},"function":{"name":"api"},"message":"[runtime-status] [8080] Resolved module firebase-functions {\"declared\":true,\"installed\":true,\"version\":\"3.12.0\",\"resolution\":\"C:\\\\Users\\\\ELCOT\\\\Desktop\\\\amazon-clone\\\\functions\\\\node_modules\\\\firebase-functions\\\\lib\\\\index.js\"}"}}
[debug] [2020-12-27T13:48:48.329Z] [runtime-status] [8080] firebase-admin has been stubbed. {"adminResolution":{"declared":true,"installed":true,"version":"9.4.1","resolution":"C:\\Users\\ELCOT\\Desktop\\amazon-clone\\functions\\node_modules\\firebase-admin\\lib\\index.js"}} {"metadata":{"emulator":{"name":"functions"},"function":{"name":"api"},"message":"[runtime-status] [8080] firebase-admin has been stubbed. {\"adminResolution\":{\"declared\":true,\"installed\":true,\"version\":\"9.4.1\",\"resolution\":\"C:\\\\Users\\\\ELCOT\\\\Desktop\\\\amazon-clone\\\\functions\\\\node_modules\\\\firebase-admin\\\\lib\\\\index.js\"}}"}}
[debug] [2020-12-27T13:48:52.010Z] [runtime-status] [8080] Trigger "api" has been found, beginning invocation! {"metadata":{"emulator":{"name":"functions"},"function":{"name":"api"},"message":"[runtime-status] [8080] Trigger \"api\" has been found, beginning invocation!"}}
[info] i  functions: Beginning execution of "api" {"metadata":{"emulator":{"name":"functions"},"function":{"name":"api"},"message":"Beginning execution of \"api\""}}
[debug] [2020-12-27T13:48:52.014Z] [runtime-status] [8080] triggerDefinition {"httpsTrigger":{},"name":"api","entryPoint":"api"} {"metadata":{"emulator":{"name":"functions"},"function":{"name":"api"},"message":"[runtime-status] [8080] triggerDefinition {\"httpsTrigger\":{},\"name\":\"api\",\"entryPoint\":\"api\"}"}}
[debug] [2020-12-27T13:48:52.015Z] [runtime-status] [8080] Running api in mode HTTPS {"metadata":{"emulator":{"name":"functions"},"function":{"name":"api"},"message":"[runtime-status] [8080] Running api in mode HTTPS"}}
[debug] [2020-12-27T13:48:52.021Z] [runtime-status] [8080] Attempting to listen to socketPath: \\?\pipe\C:\Users\ELCOT\Desktop\amazon-clone\functions\8080 {"metadata":{"emulator":{"name":"functions"},"function":{"name":"api"},"message":"[runtime-status] [8080] Attempting to listen to socketPath: \\\\?\\pipe\\C:\\Users\\ELCOT\\Desktop\\amazon-clone\\functions\\8080"}}
[debug] [2020-12-27T13:48:52.099Z] [functions] Runtime ready! Sending request! {"metadata":{"emulator":{"name":"functions"},"message":"[functions] Runtime ready! Sending request!"}}
[debug] [2020-12-27T13:48:52.123Z] [runtime-status] [8080] Ephemeral server handling POST request {"metadata":{"emulator":{"name":"functions"},"function":{"name":"api"},"message":"[runtime-status] [8080] Ephemeral server handling POST request"}}
[info] >  Payment received for this amount >>>> 9899 {"user":"Payment received for this amount >>>> 9899","metadata":{"emulator":{"name":"functions"},"function":{"name":"api"},"message":"\u001b[90m> \u001b[39m Payment received for this amount >>>> 9899"}}
[debug] [2020-12-27T13:48:52.232Z] [runtime-status] [8080] Ephemeral server survived. {"metadata":{"emulator":{"name":"functions"},"function":{"name":"api"},"message":"[runtime-status] [8080] Ephemeral server survived."}}
[info] i  functions: Finished "api" in ~1s {"metadata":{"emulator":{"name":"functions"},"function":{"name":"api"},"message":"Finished \"api\" in ~1s"}}
[debug] [2020-12-27T13:48:53.855Z] [worker-api-4c265f49-dcb6-4308-bd82-5b36cad88f05]: IDLE {"metadata":{"emulator":{"name":"functions"},"message":"[worker-api-4c265f49-dcb6-4308-bd82-5b36cad88f05]: IDLE"}}
[debug] [2020-12-27T13:48:53.855Z] [work-queue] {"queueLength":0,"workRunningCount":0}
[debug] [2020-12-27T13:49:07.880Z] [work-queue] {"queueLength":1,"workRunningCount":0}
[debug] [2020-12-27T13:49:07.881Z] [work-queue] {"queueLength":0,"workRunningCount":1}
[debug] [2020-12-27T13:49:07.881Z] Accepted request POST /challenge-e0e5e/us-central1/api/payments/create?total=0 --> api
[debug] [2020-12-27T13:49:07.881Z] [worker-pool] submitWork(triggerId=api) {"metadata":{"emulator":{"name":"functions"},"message":"[worker-pool] submitWork(triggerId=api)"}}
[debug] [2020-12-27T13:49:07.881Z] [worker-api-4c265f49-dcb6-4308-bd82-5b36cad88f05]: Assigning socketPath: \\?\pipe\C:\Users\ELCOT\Desktop\amazon-clone\functions\8080 {"metadata":{"emulator":{"name":"functions"},"message":"[worker-api-4c265f49-dcb6-4308-bd82-5b36cad88f05]: Assigning socketPath: \\\\?\\pipe\\C:\\Users\\ELCOT\\Desktop\\amazon-clone\\functions\\8080"}}
[debug] [2020-12-27T13:49:07.882Z] [worker-api-4c265f49-dcb6-4308-bd82-5b36cad88f05]: BUSY {"metadata":{"emulator":{"name":"functions"},"message":"[worker-api-4c265f49-dcb6-4308-bd82-5b36cad88f05]: BUSY"}}
[debug] [2020-12-27T13:49:07.883Z] [runtime-status] [8080] Trigger "api" has been found, beginning invocation! {"metadata":{"emulator":{"name":"functions"},"function":{"name":"api"},"message":"[runtime-status] [8080] Trigger \"api\" has been found, beginning invocation!"}}
[info] i  functions: Beginning execution of "api" {"metadata":{"emulator":{"name":"functions"},"function":{"name":"api"},"message":"Beginning execution of \"api\""}}
[debug] [2020-12-27T13:49:07.886Z] [runtime-status] [8080] triggerDefinition {"httpsTrigger":{},"name":"api","entryPoint":"api"} {"metadata":{"emulator":{"name":"functions"},"function":{"name":"api"},"message":"[runtime-status] [8080] triggerDefinition {\"httpsTrigger\":{},\"name\":\"api\",\"entryPoint\":\"api\"}"}}
[debug] [2020-12-27T13:49:07.886Z] [runtime-status] [8080] Running api in mode HTTPS {"metadata":{"emulator":{"name":"functions"},"function":{"name":"api"},"message":"[runtime-status] [8080] Running api in mode HTTPS"}}
[debug] [2020-12-27T13:49:07.886Z] [runtime-status] [8080] Attempting to listen to socketPath: \\?\pipe\C:\Users\ELCOT\Desktop\amazon-clone\functions\8080 {"metadata":{"emulator":{"name":"functions"},"function":{"name":"api"},"message":"[runtime-status] [8080] Attempting to listen to socketPath: \\\\?\\pipe\\C:\\Users\\ELCOT\\Desktop\\amazon-clone\\functions\\8080"}}
[debug] [2020-12-27T13:49:07.888Z] [functions] Runtime ready! Sending request! {"metadata":{"emulator":{"name":"functions"},"message":"[functions] Runtime ready! Sending request!"}}
[debug] [2020-12-27T13:49:07.894Z] [runtime-status] [8080] Ephemeral server handling POST request {"metadata":{"emulator":{"name":"functions"},"function":{"name":"api"},"message":"[runtime-status] [8080] Ephemeral server handling POST request"}}
[info] >  Payment received for this amount >>>> 0 {"user":"Payment received for this amount >>>> 0","metadata":{"emulator":{"name":"functions"},"function":{"name":"api"},"message":"\u001b[90m> \u001b[39m Payment received for this amount >>>> 0"}}
[debug] [2020-12-27T13:49:07.900Z] [runtime-status] [8080] Ephemeral server survived. {"metadata":{"emulator":{"name":"functions"},"function":{"name":"api"},"message":"[runtime-status] [8080] Ephemeral server survived."}}
[info] >  (node:8080) UnhandledPromiseRejectionWarning: Error: This value must be greater than or equal to 1. {"user":"(node:8080) UnhandledPromiseRejectionWarning: Error: This value must be greater than or equal to 1.","metadata":{"emulator":{"name":"functions"},"function":{"name":"api"},"message":"\u001b[90m> \u001b[39m (node:8080) UnhandledPromiseRejectionWarning: Error: This value must be greater than or equal to 1."}}
[info] >      at Function.generate (C:\Users\ELCOT\Desktop\amazon-clone\functions\node_modules\stripe\lib\Error.js:40:16) {"user":"    at Function.generate (C:\\Users\\ELCOT\\Desktop\\amazon-clone\\functions\\node_modules\\stripe\\lib\\Error.js:40:16)","metadata":{"emulator":{"name":"functions"},"function":{"name":"api"},"message":"\u001b[90m> \u001b[39m     at Function.generate (C:\\Users\\ELCOT\\Desktop\\amazon-clone\\functions\\node_modules\\stripe\\lib\\Error.js:40:16)"}}
[info] >      at IncomingMessage.<anonymous> (C:\Users\ELCOT\Desktop\amazon-clone\functions\node_modules\stripe\lib\StripeResource.js:190:33) {"user":"    at IncomingMessage.<anonymous> (C:\\Users\\ELCOT\\Desktop\\amazon-clone\\functions\\node_modules\\stripe\\lib\\StripeResource.js:190:33)","metadata":{"emulator":{"name":"functions"},"function":{"name":"api"},"message":"\u001b[90m> \u001b[39m     at IncomingMessage.<anonymous> (C:\\Users\\ELCOT\\Desktop\\amazon-clone\\functions\\node_modules\\stripe\\lib\\StripeResource.js:190:33)"}}
[info] >      at Object.onceWrapper (events.js:421:28) {"user":"    at Object.onceWrapper (events.js:421:28)","metadata":{"emulator":{"name":"functions"},"function":{"name":"api"},"message":"\u001b[90m> \u001b[39m     at Object.onceWrapper (events.js:421:28)"}}
[info] >      at IncomingMessage.emit (events.js:327:22) {"user":"    at IncomingMessage.emit (events.js:327:22)","metadata":{"emulator":{"name":"functions"},"function":{"name":"api"},"message":"\u001b[90m> \u001b[39m     at IncomingMessage.emit (events.js:327:22)"}}
[info] >      at endReadableNT (_stream_readable.js:1221:12) {"user":"    at endReadableNT (_stream_readable.js:1221:12)","metadata":{"emulator":{"name":"functions"},"function":{"name":"api"},"message":"\u001b[90m> \u001b[39m     at endReadableNT (_stream_readable.js:1221:12)"}}
[info] >      at processTicksAndRejections (internal/process/task_queues.js:84:21) {"user":"    at processTicksAndRejections (internal/process/task_queues.js:84:21)","metadata":{"emulator":{"name":"functions"},"function":{"name":"api"},"message":"\u001b[90m> \u001b[39m     at processTicksAndRejections (internal/process/task_queues.js:84:21)"}}
[info] >  (node:8080) UnhandledPromiseRejectionWarning: Unhandled promise rejection. This error originated either by throwing inside of an async function without a catch block, or by rejecting a promise which was not handled with .catch(). To terminate the node process on unhandled promise rejection, use the CLI flag `--unhandled-rejections=strict` (see https://nodejs.org/api/cli.html#cli_unhandled_rejections_mode). (rejection id: 1) {"user":"(node:8080) UnhandledPromiseRejectionWarning: Unhandled promise rejection. This error originated either by throwing inside of an async function without a catch block, or by rejecting a promise which was not handled with .catch(). To terminate the node process on unhandled promise rejection, use the CLI flag `--unhandled-rejections=strict` (see https://nodejs.org/api/cli.html#cli_unhandled_rejections_mode). (rejection id: 1)","metadata":{"emulator":{"name":"functions"},"function":{"name":"api"},"message":"\u001b[90m> \u001b[39m (node:8080) UnhandledPromiseRejectionWarning: Unhandled promise rejection. This error originated either by throwing inside of an async function without a catch block, or by rejecting a promise which was not handled with .catch(). To terminate the node process on unhandled promise rejection, use the CLI flag `--unhandled-rejections=strict` (see https://nodejs.org/api/cli.html#cli_unhandled_rejections_mode). (rejection id: 1)"}}
[info] >  (node:8080) [DEP0018] DeprecationWarning: Unhandled promise rejections are deprecated. In the future, promise rejections that are not handled will terminate the Node.js process with a non-zero exit code. {"user":"(node:8080) [DEP0018] DeprecationWarning: Unhandled promise rejections are deprecated. In the future, promise rejections that are not handled will terminate the Node.js process with a non-zero exit code.","metadata":{"emulator":{"name":"functions"},"function":{"name":"api"},"message":"\u001b[90m> \u001b[39m (node:8080) [DEP0018] DeprecationWarning: Unhandled promise rejections are deprecated. In the future, promise rejections that are not handled will terminate the Node.js process with a non-zero exit code."}}
[warn] !  functions: Your function timed out after ~60s. To configure this timeout, see
      https://firebase.google.com/docs/functions/manage-functions#set_timeout_and_memory_allocation. {"metadata":{"emulator":{"name":"functions"},"function":{"name":"api"},"message":"Your function timed out after ~60s. To configure this timeout, see\n      https://firebase.google.com/docs/functions/manage-functions#set_timeout_and_memory_allocation."}}
[info] >  C:\Users\ELCOT\AppData\Roaming\npm\node_modules\firebase-tools\lib\emulator\functionsEmulatorRuntime.js:668 {"user":"C:\\Users\\ELCOT\\AppData\\Roaming\\npm\\node_modules\\firebase-tools\\lib\\emulator\\functionsEmulatorRuntime.js:668\r","metadata":{"emulator":{"name":"functions"},"function":{"name":"api"},"message":"\u001b[90m> \u001b[39m C:\\Users\\ELCOT\\AppData\\Roaming\\npm\\node_modules\\firebase-tools\\lib\\emulator\\functionsEmulatorRuntime.js:668\r"}}
[info] >                  throw new Error("Function timed out."); {"user":"                throw new Error(\"Function timed out.\");\r","metadata":{"emulator":{"name":"functions"},"function":{"name":"api"},"message":"\u001b[90m> \u001b[39m                 throw new Error(\"Function timed out.\");\r"}}
[info] >                  ^ {"user":"                ^\r","metadata":{"emulator":{"name":"functions"},"function":{"name":"api"},"message":"\u001b[90m> \u001b[39m                 ^\r"}}
[info] >   {"user":"\r","metadata":{"emulator":{"name":"functions"},"function":{"name":"api"},"message":"\u001b[90m> \u001b[39m \r"}}
[info] >  Error: Function timed out. {"user":"Error: Function timed out.\r","metadata":{"emulator":{"name":"functions"},"function":{"name":"api"},"message":"\u001b[90m> \u001b[39m Error: Function timed out.\r"}}
[info] >      at Timeout._onTimeout (C:\Users\ELCOT\AppData\Roaming\npm\node_modules\firebase-tools\lib\emulator\functionsEmulatorRuntime.js:668:23) {"user":"    at Timeout._onTimeout (C:\\Users\\ELCOT\\AppData\\Roaming\\npm\\node_modules\\firebase-tools\\lib\\emulator\\functionsEmulatorRuntime.js:668:23)\r","metadata":{"emulator":{"name":"functions"},"function":{"name":"api"},"message":"\u001b[90m> \u001b[39m     at Timeout._onTimeout (C:\\Users\\ELCOT\\AppData\\Roaming\\npm\\node_modules\\firebase-tools\\lib\\emulator\\functionsEmulatorRuntime.js:668:23)\r"}}
[info] >      at listOnTimeout (internal/timers.js:549:17) {"user":"    at listOnTimeout (internal/timers.js:549:17)\r","metadata":{"emulator":{"name":"functions"},"function":{"name":"api"},"message":"\u001b[90m> \u001b[39m     at listOnTimeout (internal/timers.js:549:17)\r"}}
[info] >      at processTimers (internal/timers.js:492:7) {"user":"    at processTimers (internal/timers.js:492:7)\r","metadata":{"emulator":{"name":"functions"},"function":{"name":"api"},"message":"\u001b[90m> \u001b[39m     at processTimers (internal/timers.js:492:7)\r"}}
[debug] [2020-12-27T13:50:08.062Z] [worker-api-4c265f49-dcb6-4308-bd82-5b36cad88f05]: exited {"metadata":{"emulator":{"name":"functions"},"message":"[worker-api-4c265f49-dcb6-4308-bd82-5b36cad88f05]: exited"}}
[debug] [2020-12-27T13:50:08.062Z] [worker-api-4c265f49-dcb6-4308-bd82-5b36cad88f05]: FINISHED {"metadata":{"emulator":{"name":"functions"},"message":"[worker-api-4c265f49-dcb6-4308-bd82-5b36cad88f05]: FINISHED"}}
[debug] [2020-12-27T13:50:08.063Z] [work-queue] {"queueLength":0,"workRunningCount":0}
